app/build/intermediates/manifest_merge_blame_file/debug/manifest-merger-blame-debug-report.txt
1<?xml version="1.0" encoding="utf-8"?>
2<manifest xmlns:android="http://schemas.android.com/apk/res/android"
3    package="id.masnadh.myapppeg"
4    android:versionCode="1"
5    android:versionName="1.1" >
6
7    <uses-sdk
8        android:minSdkVersion="21"
8-->src\main\AndroidManifest.xml
9        android:targetSdkVersion="28" />
9-->src\main\AndroidManifest.xml
10
11    <uses-permission android:name="android.permission.INTERNET" />
11-->src\main\AndroidManifest.xml:5:5-67
11-->src\main\AndroidManifest.xml:5:22-64
12    <uses-permission android:name="android.permission.ACCESS_NETWORK_STATE" />
12-->src\main\AndroidManifest.xml:6:5-79
12-->src\main\AndroidManifest.xml:6:22-76
13    <uses-permission android:name="android.permission.READ_EXTERNAL_STORAGE" />
13-->src\main\AndroidManifest.xml:7:5-80
13-->src\main\AndroidManifest.xml:7:22-77
14    <uses-permission android:name="android.permission.WRITE_EXTERNAL_STORAGE" />
14-->src\main\AndroidManifest.xml:8:5-81
14-->src\main\AndroidManifest.xml:8:22-78
15
16    <application
16-->src\main\AndroidManifest.xml:10:5-47:19
17        android:name="id.masnadh.myapppeg.connections.AppController"
17-->src\main\AndroidManifest.xml:11:9-50
18        android:allowBackup="true"
18-->src\main\AndroidManifest.xml:12:9-35
19        android:appComponentFactory="androidx.core.app.CoreComponentFactory"
19-->[androidx.core:core:1.1.0] AndroidManifest.xml:24:18-86
20        android:debuggable="true"
21        android:icon="@drawable/smk"
21-->src\main\AndroidManifest.xml:13:9-37
22        android:label="@string/app_name"
22-->src\main\AndroidManifest.xml:14:9-41
23        android:roundIcon="@mipmap/ic_launcher_round"
23-->src\main\AndroidManifest.xml:15:9-54
24        android:supportsRtl="true"
24-->src\main\AndroidManifest.xml:16:9-35
25        android:testOnly="true"
26        android:theme="@style/AppTheme"
26-->src\main\AndroidManifest.xml:17:9-40
27        android:usesCleartextTraffic="true" >
27-->src\main\AndroidManifest.xml:18:9-44
28        <activity android:name="id.masnadh.myapppeg.activities.RiwayatPegPegActivity" />
28-->src\main\AndroidManifest.xml:19:9-79
28-->src\main\AndroidManifest.xml:19:19-67
29        <activity android:name="id.masnadh.myapppeg.activities.ProfileActivity" />
29-->src\main\AndroidManifest.xml:20:9-64
29-->src\main\AndroidManifest.xml:20:19-61
30        <activity android:name="id.masnadh.myapppeg.tambahHapusData.TambahAnakActivity" />
30-->src\main\AndroidManifest.xml:21:9-72
30-->src\main\AndroidManifest.xml:21:19-69
31        <activity android:name="id.masnadh.myapppeg.tambahHapusData.HapusPasutriActivity" />
31-->src\main\AndroidManifest.xml:22:9-74
31-->src\main\AndroidManifest.xml:22:19-71
32        <activity android:name="id.masnadh.myapppeg.activities.PasutriActivity" />
32-->src\main\AndroidManifest.xml:23:9-64
32-->src\main\AndroidManifest.xml:23:19-61
33        <activity android:name="id.masnadh.myapppeg.tambahHapusData.TambahPasutriActivity" />
33-->src\main\AndroidManifest.xml:24:9-75
33-->src\main\AndroidManifest.xml:24:19-72
34        <activity android:name="id.masnadh.myapppeg.activities.DeleteActivity" />
34-->src\main\AndroidManifest.xml:25:9-63
34-->src\main\AndroidManifest.xml:25:19-60
35        <activity android:name="id.masnadh.myapppeg.activities.TambahPendidikanActivity" />
35-->src\main\AndroidManifest.xml:26:9-73
35-->src\main\AndroidManifest.xml:26:19-70
36        <activity android:name="id.masnadh.myapppeg.adminActivies.AdminActivity" />
36-->src\main\AndroidManifest.xml:27:9-65
36-->src\main\AndroidManifest.xml:27:19-62
37        <activity android:name="id.masnadh.myapppeg.ListActivity" />
37-->src\main\AndroidManifest.xml:28:9-50
37-->src\main\AndroidManifest.xml:28:19-47
38        <activity android:name="id.masnadh.myapppeg.activities.TestActivity" />
38-->src\main\AndroidManifest.xml:29:9-61
38-->src\main\AndroidManifest.xml:29:19-58
39        <activity android:name="id.masnadh.myapppeg.activities.DataActivity" />
39-->src\main\AndroidManifest.xml:30:9-61
39-->src\main\AndroidManifest.xml:30:19-58
40        <activity android:name="id.masnadh.myapppeg.activities.AbsenActivity" />
40-->src\main\AndroidManifest.xml:31:9-62
40-->src\main\AndroidManifest.xml:31:19-59
41        <activity android:name="id.masnadh.myapppeg.activities.RombelActivity" />
41-->src\main\AndroidManifest.xml:32:9-63
41-->src\main\AndroidManifest.xml:32:19-60
42        <activity android:name="id.masnadh.myapppeg.activities.SKPActivity" />
42-->src\main\AndroidManifest.xml:33:9-60
42-->src\main\AndroidManifest.xml:33:19-57
43        <activity android:name="id.masnadh.myapppeg.activities.PendidikanActivity" />
43-->src\main\AndroidManifest.xml:34:9-67
43-->src\main\AndroidManifest.xml:34:19-64
44        <activity android:name="id.masnadh.myapppeg.activities.RiwayatPegActivity" />
44-->src\main\AndroidManifest.xml:35:9-67
44-->src\main\AndroidManifest.xml:35:19-64
45        <activity android:name="id.masnadh.myapppeg.activities.PendukungActivity" />
45-->src\main\AndroidManifest.xml:36:9-66
45-->src\main\AndroidManifest.xml:36:19-63
46        <activity android:name="id.masnadh.myapppeg.activities.UbahActivity" />
46-->src\main\AndroidManifest.xml:37:9-61
46-->src\main\AndroidManifest.xml:37:19-58
47        <activity android:name="id.masnadh.myapppeg.activities.RegisterActivity" />
47-->src\main\AndroidManifest.xml:38:9-65
47-->src\main\AndroidManifest.xml:38:19-62
48        <activity android:name="id.masnadh.myapppeg.MainActivity" />
48-->src\main\AndroidManifest.xml:39:9-50
48-->src\main\AndroidManifest.xml:39:19-47
49        <activity android:name="id.masnadh.myapppeg.activities.LoginActivity" >
49-->src\main\AndroidManifest.xml:40:9-46:20
49-->src\main\AndroidManifest.xml:40:19-59
50            <intent-filter>
50-->src\main\AndroidManifest.xml:41:13-45:29
51                <action android:name="android.intent.action.MAIN" />
51-->src\main\AndroidManifest.xml:42:17-69
51-->src\main\AndroidManifest.xml:42:25-66
52
53                <category android:name="android.intent.category.LAUNCHER" />
53-->src\main\AndroidManifest.xml:44:17-77
53-->src\main\AndroidManifest.xml:44:27-74
54            </intent-filter>
55        </activity>
56
57        <provider
57-->[androidx.lifecycle:lifecycle-process:2.0.0] AndroidManifest.xml:23:9-27:43
58            android:name="androidx.lifecycle.ProcessLifecycleOwnerInitializer"
58-->[androidx.lifecycle:lifecycle-process:2.0.0] AndroidManifest.xml:24:13-79
59            android:authorities="id.masnadh.myapppeg.lifecycle-process"
59-->[androidx.lifecycle:lifecycle-process:2.0.0] AndroidManifest.xml:25:13-69
60            android:exported="false"
60-->[androidx.lifecycle:lifecycle-process:2.0.0] AndroidManifest.xml:26:13-37
61            android:multiprocess="true" />
61-->[androidx.lifecycle:lifecycle-process:2.0.0] AndroidManifest.xml:27:13-40
62    </application>
63
64</manifest>